# JRE version: OpenJDK Runtime Environment (21.0.6) (build 21.0.6+-13119726-b895.91)
# Java VM: OpenJDK 64-Bit Server VM (21.0.6+-13119726-b895.91, mixed mode, tiered, compressed oops, compressed class ptrs, g1 gc, windows-amd64)
GC Precious Log:
 CardTable entry size: 512
 Card Set container configuration: InlinePtr #cards 5 size 8 Array Of Cards #cards 12 size 40 Howl #buckets 4 coarsen threshold 1843 Howl Bitmap #cards 512 size 80 coarsen threshold 460 Card regions per heap region 1 cards per card region 2048
 CPUs: 8 total, 8 available
 Memory: 16110M
 Large Page Support: Disabled
 NUMA Support: Disabled
 Compressed Oops: Enabled (32-bit)
 Heap Region Size: 1M
 Heap Min Capacity: 8M
 Heap Initial Capacity: 252M
 Heap Max Capacity: 2G
 Pre-touch: Disabled
 Parallel Workers: 8
 Concurrent Workers: 2
 Concurrent Refinement Workers: 8
 Periodic GC: Disabled
Heap:
 garbage-first heap   total 245760K, used 201708K [0x0000000080000000, 0x0000000100000000)
  region size 1024K, 54 young (55296K), 9 survivors (9216K)
 Metaspace       used 130987K, committed 133376K, reserved 1179648K
  class space    used 17334K, committed 18560K, reserved 1048576K
GC Heap History (20 events):
Event: 13.225 GC heap before
{Heap before GC invocations=41 (full 0):
 garbage-first heap   total 227328K, used 193030K [0x0000000080000000, 0x0000000100000000)
  region size 1024K, 55 young (56320K), 4 survivors (4096K)
 Metaspace       used 117882K, committed 120192K, reserved 1179648K
  class space    used 15912K, committed 17088K, reserved 1048576K
}
Event: 13.229 GC heap after
{Heap after GC invocations=42 (full 0):
 garbage-first heap   total 227328K, used 145070K [0x0000000080000000, 0x0000000100000000)
  region size 1024K, 7 young (7168K), 7 survivors (7168K)
 Metaspace       used 117882K, committed 120192K, reserved 1179648K
  class space    used 15912K, committed 17088K, reserved 1048576K
}
Event: 15.472 GC heap before
{Heap before GC invocations=43 (full 0):
 garbage-first heap   total 242688K, used 197294K [0x0000000080000000, 0x0000000100000000)
  region size 1024K, 59 young (60416K), 7 survivors (7168K)
 Metaspace       used 119704K, committed 121984K, reserved 1179648K
  class space    used 16147K, committed 17280K, reserved 1048576K
}
Event: 15.480 GC heap after
{Heap after GC invocations=44 (full 0):
 garbage-first heap   total 242688K, used 149287K [0x0000000080000000, 0x0000000100000000)
  region size 1024K, 6 young (6144K), 6 survivors (6144K)
 Metaspace       used 119704K, committed 121984K, reserved 1179648K
  class space    used 16147K, committed 17280K, reserved 1048576K
}
Event: 118.319 GC heap before
{Heap before GC invocations=44 (full 0):
 garbage-first heap   total 242688K, used 210727K [0x0000000080000000, 0x0000000100000000)
  region size 1024K, 67 young (68608K), 6 survivors (6144K)
 Metaspace       used 120812K, committed 123072K, reserved 1179648K
  class space    used 16264K, committed 17408K, reserved 1048576K
}
Event: 118.328 GC heap after
{Heap after GC invocations=45 (full 0):
 garbage-first heap   total 242688K, used 143846K [0x0000000080000000, 0x0000000100000000)
  region size 1024K, 8 young (8192K), 8 survivors (8192K)
 Metaspace       used 120812K, committed 123072K, reserved 1179648K
  class space    used 16264K, committed 17408K, reserved 1048576K
}
Event: 118.515 GC heap before
{Heap before GC invocations=45 (full 0):
 garbage-first heap   total 242688K, used 163302K [0x0000000080000000, 0x0000000100000000)
  region size 1024K, 29 young (29696K), 8 survivors (8192K)
 Metaspace       used 120986K, committed 123264K, reserved 1179648K
  class space    used 16265K, committed 17408K, reserved 1048576K
}
Event: 118.521 GC heap after
{Heap after GC invocations=46 (full 0):
 garbage-first heap   total 242688K, used 146688K [0x0000000080000000, 0x0000000100000000)
  region size 1024K, 3 young (3072K), 3 survivors (3072K)
 Metaspace       used 120986K, committed 123264K, reserved 1179648K
  class space    used 16265K, committed 17408K, reserved 1048576K
}
Event: 119.018 GC heap before
{Heap before GC invocations=47 (full 0):
 garbage-first heap   total 242688K, used 223488K [0x0000000080000000, 0x0000000100000000)
  region size 1024K, 68 young (69632K), 3 survivors (3072K)
 Metaspace       used 121142K, committed 123392K, reserved 1179648K
  class space    used 16269K, committed 17408K, reserved 1048576K
}
Event: 119.021 GC heap after
{Heap after GC invocations=48 (full 0):
 garbage-first heap   total 242688K, used 140800K [0x0000000080000000, 0x0000000100000000)
  region size 1024K, 4 young (4096K), 4 survivors (4096K)
 Metaspace       used 121142K, committed 123392K, reserved 1179648K
  class space    used 16269K, committed 17408K, reserved 1048576K
}
Event: 250.296 GC heap before
{Heap before GC invocations=48 (full 0):
 garbage-first heap   total 242688K, used 217600K [0x0000000080000000, 0x0000000100000000)
  region size 1024K, 80 young (81920K), 4 survivors (4096K)
 Metaspace       used 121645K, committed 123904K, reserved 1179648K
  class space    used 16283K, committed 17408K, reserved 1048576K
}
Event: 250.303 GC heap after
{Heap after GC invocations=49 (full 0):
 garbage-first heap   total 242688K, used 142067K [0x0000000080000000, 0x0000000100000000)
  region size 1024K, 10 young (10240K), 10 survivors (10240K)
 Metaspace       used 121645K, committed 123904K, reserved 1179648K
  class space    used 16283K, committed 17408K, reserved 1048576K
}
Event: 250.446 GC heap before
{Heap before GC invocations=49 (full 0):
 garbage-first heap   total 242688K, used 159475K [0x0000000080000000, 0x0000000100000000)
  region size 1024K, 29 young (29696K), 10 survivors (10240K)
 Metaspace       used 121709K, committed 123968K, reserved 1179648K
  class space    used 16283K, committed 17408K, reserved 1048576K
}
Event: 250.452 GC heap after
{Heap after GC invocations=50 (full 0):
 garbage-first heap   total 242688K, used 145078K [0x0000000080000000, 0x0000000100000000)
  region size 1024K, 3 young (3072K), 3 survivors (3072K)
 Metaspace       used 121709K, committed 123968K, reserved 1179648K
  class space    used 16283K, committed 17408K, reserved 1048576K
}
Event: 251.622 GC heap before
{Heap before GC invocations=51 (full 0):
 garbage-first heap   total 245760K, used 234166K [0x0000000080000000, 0x0000000100000000)
  region size 1024K, 74 young (75776K), 3 survivors (3072K)
 Metaspace       used 121918K, committed 124224K, reserved 1179648K
  class space    used 16289K, committed 17408K, reserved 1048576K
}
Event: 251.627 GC heap after
{Heap after GC invocations=52 (full 0):
 garbage-first heap   total 245760K, used 149364K [0x0000000080000000, 0x0000000100000000)
  region size 1024K, 8 young (8192K), 8 survivors (8192K)
 Metaspace       used 121918K, committed 124224K, reserved 1179648K
  class space    used 16289K, committed 17408K, reserved 1048576K
}
Event: 252.158 GC heap before
{Heap before GC invocations=52 (full 0):
 garbage-first heap   total 245760K, used 223092K [0x0000000080000000, 0x0000000100000000)
  region size 1024K, 79 young (80896K), 8 survivors (8192K)
 Metaspace       used 125007K, committed 127296K, reserved 1179648K
  class space    used 16502K, committed 17664K, reserved 1048576K
}
Event: 252.168 GC heap after
{Heap after GC invocations=53 (full 0):
 garbage-first heap   total 245760K, used 143315K [0x0000000080000000, 0x0000000100000000)
  region size 1024K, 9 young (9216K), 9 survivors (9216K)
 Metaspace       used 125007K, committed 127296K, reserved 1179648K
  class space    used 16502K, committed 17664K, reserved 1048576K
}
Event: 252.759 GC heap before
{Heap before GC invocations=53 (full 0):
 garbage-first heap   total 245760K, used 221139K [0x0000000080000000, 0x0000000100000000)
  region size 1024K, 86 young (88064K), 9 survivors (9216K)
 Metaspace       used 128355K, committed 130624K, reserved 1179648K
  class space    used 16916K, committed 18048K, reserved 1048576K
}
Event: 252.765 GC heap after
{Heap after GC invocations=54 (full 0):
 garbage-first heap   total 245760K, used 146412K [0x0000000080000000, 0x0000000100000000)
  region size 1024K, 9 young (9216K), 9 survivors (9216K)
 Metaspace       used 128355K, committed 130624K, reserved 1179648K
  class space    used 16916K, committed 18048K, reserved 1048576K
}

